<?xml version="1.0" encoding="UTF-8"?>
<testsuite name="com.project.bookstore.service.IdpServiceTest" tests="4" skipped="0" failures="0" errors="0" timestamp="2023-12-01T04:52:43" hostname="0323LTPB0095880" time="0.072">
  <properties/>
  <testcase name="getUserShouldThrowExceptionWhenUserNotFound()" classname="com.project.bookstore.service.IdpServiceTest" time="0.067"/>
  <testcase name="shouldCallSaveOnRepositoryWithUserEntity()" classname="com.project.bookstore.service.IdpServiceTest" time="0.003"/>
  <testcase name="getUserShouldReturnUserAsExpected()" classname="com.project.bookstore.service.IdpServiceTest" time="0.001"/>
  <testcase name="createUserShouldReturnExceptionWhenUsernameAlreadyTaken()" classname="com.project.bookstore.service.IdpServiceTest" time="0.001"/>
  <system-out><![CDATA[]]></system-out>
  <system-err><![CDATA[]]></system-err>
</testsuite>
