<?xml version="1.0" encoding="UTF-8"?>
<testsuite name="com.project.bookstore.controller.IDPControllerTest" tests="9" skipped="0" failures="0" errors="0" timestamp="2023-12-01T04:52:42" hostname="0323LTPB0095880" time="0.181">
  <properties/>
  <testcase name="createUserShouldReturnBadRequestWhenNameIsMissingInRequest()" classname="com.project.bookstore.controller.IDPControllerTest" time="0.12"/>
  <testcase name="createUserShouldReturnBadRequestWhenUsernameIsMissingInRequest()" classname="com.project.bookstore.controller.IDPControllerTest" time="0.007"/>
  <testcase name="createUserShouldReturnBadRequestWhenPhoneNumberContainsNotNumeric()" classname="com.project.bookstore.controller.IDPControllerTest" time="0.015"/>
  <testcase name="getUserShouldReturnUnauthorizedWhenAccessTokenNotPassedInHeader()" classname="com.project.bookstore.controller.IDPControllerTest" time="0.002"/>
  <testcase name="testCreateUser()" classname="com.project.bookstore.controller.IDPControllerTest" time="0.009"/>
  <testcase name="createUserShouldReturnBadRequestWhenPhoneNumberIsNot10Digits()" classname="com.project.bookstore.controller.IDPControllerTest" time="0.004"/>
  <testcase name="testCreateUserShouldReturnBadRequestAndUSERNAME_ALREADY_TAKENErrorCodeInResponse()" classname="com.project.bookstore.controller.IDPControllerTest" time="0.007"/>
  <testcase name="createUserShouldReturnBadRequestWhenPhoneNumberIsMissingInRequest()" classname="com.project.bookstore.controller.IDPControllerTest" time="0.006"/>
  <testcase name="createUserShouldReturnBadRequestWhenUsernameIsNotMatchingEmailIdFormat()" classname="com.project.bookstore.controller.IDPControllerTest" time="0.004"/>
  <system-out><![CDATA[2023-12-01T10:22:41.764+05:30  INFO 69666 --- [    Test worker] t.c.s.AnnotationConfigContextLoaderUtils : Could not detect default configuration classes for test class [com.project.bookstore.controller.IDPControllerTest]: IDPControllerTest does not declare any static, non-private, non-final, nested classes annotated with @Configuration.
2023-12-01T10:22:41.783+05:30  INFO 69666 --- [    Test worker] .b.t.c.SpringBootTestContextBootstrapper : Found @SpringBootConfiguration com.project.bookstore.BookstoreApplication for test class com.project.bookstore.controller.IDPControllerTest

  .   ____          _            __ _ _
 /\\ / ___'_ __ _ _(_)_ __  __ _ \ \ \ \
( ( )\___ | '_ | '_| | '_ \/ _` | \ \ \ \
 \\/  ___)| |_)| | | | | || (_| |  ) ) ) )
  '  |____| .__|_| |_|_| |_\__, | / / / /
 =========|_|==============|___/=/_/_/_/
 :: Spring Boot ::                (v3.2.0)

2023-12-01T10:22:41.819+05:30  INFO 69666 --- [    Test worker] c.p.b.controller.IDPControllerTest       : Starting IDPControllerTest using Java 21.0.1 with PID 69666 (started by gourav.sharma6 in /Users/gourav.sharma6/Documents/DevelopersBootCamp/BackEnd/bookstore)
2023-12-01T10:22:41.820+05:30  INFO 69666 --- [    Test worker] c.p.b.controller.IDPControllerTest       : No active profile set, falling back to 1 default profile: "default"
2023-12-01T10:22:42.385+05:30  INFO 69666 --- [    Test worker] o.s.b.t.m.w.SpringBootMockServletContext : Initializing Spring TestDispatcherServlet ''
2023-12-01T10:22:42.385+05:30  INFO 69666 --- [    Test worker] o.s.t.web.servlet.TestDispatcherServlet  : Initializing Servlet ''
2023-12-01T10:22:42.386+05:30  INFO 69666 --- [    Test worker] o.s.t.web.servlet.TestDispatcherServlet  : Completed initialization in 0 ms
2023-12-01T10:22:42.392+05:30  INFO 69666 --- [    Test worker] c.p.b.controller.IDPControllerTest       : Started IDPControllerTest in 0.607 seconds (process running for 5.329)
2023-12-01T10:22:42.498+05:30  WARN 69666 --- [    Test worker] .w.s.m.s.DefaultHandlerExceptionResolver : Resolved [org.springframework.web.bind.MethodArgumentNotValidException: Validation failed for argument [0] in public org.springframework.http.ResponseEntity<?> com.project.bookstore.controller.IdpController.createUser(com.project.bookstore.request.UserRequest) with 2 errors: [Field error in object 'userRequest' on field 'username': rejected value [Vineeth R]; codes [Email.userRequest.username,Email.username,Email]; arguments [org.springframework.context.support.DefaultMessageSourceResolvable: codes [userRequest.username,username]; arguments []; default message [username],[Ljakarta.validation.constraints.Pattern$Flag;@47d6a31a,.*]; default message [must be a well-formed email address]] [Field error in object 'userRequest' on field 'name': rejected value [null]; codes [NotBlank.userRequest.name,NotBlank.name,NotBlank]; arguments [org.springframework.context.support.DefaultMessageSourceResolvable: codes [userRequest.name,name]; arguments []; default message [name]]; default message [The name is required.]] ]
2023-12-01T10:22:42.512+05:30  WARN 69666 --- [    Test worker] .w.s.m.s.DefaultHandlerExceptionResolver : Resolved [org.springframework.web.bind.MethodArgumentNotValidException: Validation failed for argument [0] in public org.springframework.http.ResponseEntity<?> com.project.bookstore.controller.IdpController.createUser(com.project.bookstore.request.UserRequest): [Field error in object 'userRequest' on field 'name': rejected value []; codes [NotBlank.userRequest.name,NotBlank.name,NotBlank]; arguments [org.springframework.context.support.DefaultMessageSourceResolvable: codes [userRequest.name,name]; arguments []; default message [name]]; default message [The name is required.]] ]
2023-12-01T10:22:42.518+05:30  WARN 69666 --- [    Test worker] .w.s.m.s.DefaultHandlerExceptionResolver : Resolved [org.springframework.web.bind.MethodArgumentNotValidException: Validation failed for argument [0] in public org.springframework.http.ResponseEntity<?> com.project.bookstore.controller.IdpController.createUser(com.project.bookstore.request.UserRequest): [Field error in object 'userRequest' on field 'username': rejected value [null]; codes [NotBlank.userRequest.username,NotBlank.username,NotBlank]; arguments [org.springframework.context.support.DefaultMessageSourceResolvable: codes [userRequest.username,username]; arguments []; default message [username]]; default message [The username is required.]] ]
2023-12-01T10:22:42.521+05:30  WARN 69666 --- [    Test worker] .w.s.m.s.DefaultHandlerExceptionResolver : Resolved [org.springframework.web.bind.MethodArgumentNotValidException: Validation failed for argument [0] in public org.springframework.http.ResponseEntity<?> com.project.bookstore.controller.IdpController.createUser(com.project.bookstore.request.UserRequest): [Field error in object 'userRequest' on field 'username': rejected value []; codes [NotBlank.userRequest.username,NotBlank.username,NotBlank]; arguments [org.springframework.context.support.DefaultMessageSourceResolvable: codes [userRequest.username,username]; arguments []; default message [username]]; default message [The username is required.]] ]
2023-12-01T10:22:42.535+05:30  WARN 69666 --- [    Test worker] .w.s.m.s.DefaultHandlerExceptionResolver : Resolved [org.springframework.web.bind.MethodArgumentNotValidException: Validation failed for argument [0] in public org.springframework.http.ResponseEntity<?> com.project.bookstore.controller.IdpController.createUser(com.project.bookstore.request.UserRequest): [Field error in object 'userRequest' on field 'phNo': rejected value [a741141924]; codes [Pattern.userRequest.phNo,Pattern.phNo,Pattern]; arguments [org.springframework.context.support.DefaultMessageSourceResolvable: codes [userRequest.phNo,phNo]; arguments []; default message [phNo],[Ljakarta.validation.constraints.Pattern$Flag;@323b4e2a,^[0-9]{10}$]; default message [Phone number is not valid]] ]
2023-12-01T10:22:42.554+05:30  WARN 69666 --- [    Test worker] .w.s.m.s.DefaultHandlerExceptionResolver : Resolved [org.springframework.web.bind.MethodArgumentNotValidException: Validation failed for argument [0] in public org.springframework.http.ResponseEntity<?> com.project.bookstore.controller.IdpController.createUser(com.project.bookstore.request.UserRequest): [Field error in object 'userRequest' on field 'phNo': rejected value [1234]; codes [Pattern.userRequest.phNo,Pattern.phNo,Pattern]; arguments [org.springframework.context.support.DefaultMessageSourceResolvable: codes [userRequest.phNo,phNo]; arguments []; default message [phNo],[Ljakarta.validation.constraints.Pattern$Flag;@323b4e2a,^[0-9]{10}$]; default message [Phone number is not valid]] ]
2023-12-01T10:22:42.567+05:30  WARN 69666 --- [    Test worker] .w.s.m.s.DefaultHandlerExceptionResolver : Resolved [org.springframework.web.bind.MethodArgumentNotValidException: Validation failed for argument [0] in public org.springframework.http.ResponseEntity<?> com.project.bookstore.controller.IdpController.createUser(com.project.bookstore.request.UserRequest) with 2 errors: [Field error in object 'userRequest' on field 'phNo': rejected value [null]; codes [NotBlank.userRequest.phNo,NotBlank.phNo,NotBlank]; arguments [org.springframework.context.support.DefaultMessageSourceResolvable: codes [userRequest.phNo,phNo]; arguments []; default message [phNo]]; default message [The phone number is required.]] [Field error in object 'userRequest' on field 'username': rejected value [vin-450]; codes [Email.userRequest.username,Email.username,Email]; arguments [org.springframework.context.support.DefaultMessageSourceResolvable: codes [userRequest.username,username]; arguments []; default message [username],[Ljakarta.validation.constraints.Pattern$Flag;@47d6a31a,.*]; default message [must be a well-formed email address]] ]
2023-12-01T10:22:42.569+05:30  WARN 69666 --- [    Test worker] .w.s.m.s.DefaultHandlerExceptionResolver : Resolved [org.springframework.web.bind.MethodArgumentNotValidException: Validation failed for argument [0] in public org.springframework.http.ResponseEntity<?> com.project.bookstore.controller.IdpController.createUser(com.project.bookstore.request.UserRequest) with 2 errors: [Field error in object 'userRequest' on field 'phNo': rejected value []; codes [NotBlank.userRequest.phNo,NotBlank.phNo,NotBlank]; arguments [org.springframework.context.support.DefaultMessageSourceResolvable: codes [userRequest.phNo,phNo]; arguments []; default message [phNo]]; default message [The phone number is required.]] [Field error in object 'userRequest' on field 'phNo': rejected value []; codes [Pattern.userRequest.phNo,Pattern.phNo,Pattern]; arguments [org.springframework.context.support.DefaultMessageSourceResolvable: codes [userRequest.phNo,phNo]; arguments []; default message [phNo],[Ljakarta.validation.constraints.Pattern$Flag;@323b4e2a,^[0-9]{10}$]; default message [Phone number is not valid]] ]
2023-12-01T10:22:42.574+05:30  WARN 69666 --- [    Test worker] .w.s.m.s.DefaultHandlerExceptionResolver : Resolved [org.springframework.web.bind.MethodArgumentNotValidException: Validation failed for argument [0] in public org.springframework.http.ResponseEntity<?> com.project.bookstore.controller.IdpController.createUser(com.project.bookstore.request.UserRequest): [Field error in object 'userRequest' on field 'username': rejected value [abcd]; codes [Email.userRequest.username,Email.username,Email]; arguments [org.springframework.context.support.DefaultMessageSourceResolvable: codes [userRequest.username,username]; arguments []; default message [username],[Ljakarta.validation.constraints.Pattern$Flag;@47d6a31a,.*]; default message [must be a well-formed email address]] ]
]]></system-out>
  <system-err><![CDATA[]]></system-err>
</testsuite>
