<?xml version="1.0" encoding="UTF-8"?>
<testsuite name="com.project.bookstore.controller.OrdersControllerTest" tests="2" skipped="0" failures="0" errors="0" timestamp="2023-12-01T04:52:42" hostname="0323LTPB0095880" time="0.005">
  <properties/>
  <testcase name="createOrderShouldReturnUnauthorizedWhenAccessTokenNotPassedInHeader()" classname="com.project.bookstore.controller.OrdersControllerTest" time="0.003"/>
  <testcase name="getOrdersShouldReturnUnauthorizedWhenAccessTokenNotPassedInHeader()" classname="com.project.bookstore.controller.OrdersControllerTest" time="0.001"/>
  <system-out><![CDATA[2023-12-01T10:22:42.577+05:30  INFO 69666 --- [    Test worker] t.c.s.AnnotationConfigContextLoaderUtils : Could not detect default configuration classes for test class [com.project.bookstore.controller.OrdersControllerTest]: OrdersControllerTest does not declare any static, non-private, non-final, nested classes annotated with @Configuration.
2023-12-01T10:22:42.582+05:30  INFO 69666 --- [    Test worker] .b.t.c.SpringBootTestContextBootstrapper : Found @SpringBootConfiguration com.project.bookstore.BookstoreApplication for test class com.project.bookstore.controller.OrdersControllerTest

  .   ____          _            __ _ _
 /\\ / ___'_ __ _ _(_)_ __  __ _ \ \ \ \
( ( )\___ | '_ | '_| | '_ \/ _` | \ \ \ \
 \\/  ___)| |_)| | | | | || (_| |  ) ) ) )
  '  |____| .__|_| |_|_| |_\__, | / / / /
 =========|_|==============|___/=/_/_/_/
 :: Spring Boot ::                (v3.2.0)

2023-12-01T10:22:42.607+05:30  INFO 69666 --- [    Test worker] c.p.b.controller.OrdersControllerTest    : Starting OrdersControllerTest using Java 21.0.1 with PID 69666 (started by gourav.sharma6 in /Users/gourav.sharma6/Documents/DevelopersBootCamp/BackEnd/bookstore)
2023-12-01T10:22:42.608+05:30  INFO 69666 --- [    Test worker] c.p.b.controller.OrdersControllerTest    : No active profile set, falling back to 1 default profile: "default"
2023-12-01T10:22:42.782+05:30  INFO 69666 --- [    Test worker] o.s.b.t.m.w.SpringBootMockServletContext : Initializing Spring TestDispatcherServlet ''
2023-12-01T10:22:42.783+05:30  INFO 69666 --- [    Test worker] o.s.t.web.servlet.TestDispatcherServlet  : Initializing Servlet ''
2023-12-01T10:22:42.783+05:30  INFO 69666 --- [    Test worker] o.s.t.web.servlet.TestDispatcherServlet  : Completed initialization in 0 ms
2023-12-01T10:22:42.789+05:30  INFO 69666 --- [    Test worker] c.p.b.controller.OrdersControllerTest    : Started OrdersControllerTest in 0.205 seconds (process running for 5.725)
]]></system-out>
  <system-err><![CDATA[]]></system-err>
</testsuite>
